\BOOKMARK [1][-]{chapter*.2}{\376\377\000T\000a\000b\000l\000e\000\040\000d\000e\000s\000\040\000f\000i\000g\000u\000r\000e\000s}{}% 1
\BOOKMARK [1][-]{chapter*.3}{\376\377\000L\000i\000s\000t\000e\000\040\000d\000e\000s\000\040\000t\000a\000b\000l\000e\000a\000u\000x}{}% 2
\BOOKMARK [1][-]{section.0.1}{\376\377\000C\000'\000e\000s\000t\000\040\000q\000u\000o\000i\000\040\000I\000A\000v\000o\000i\000d}{}% 3
\BOOKMARK [1][-]{section.0.2}{\376\377\000P\000r\000i\000n\000c\000i\000p\000e\000\040\000d\000e\000\040\000f\000o\000n\000c\000t\000i\000o\000n\000n\000e\000m\000e\000n\000t}{}% 4
\BOOKMARK [1][-]{section.0.3}{\376\377\000L\000'\000a\000p\000p\000r\000e\000n\000t\000i\000s\000s\000a\000g\000e\000\040\000r\000e\000n\000f\000o\000r\000c\000\351}{}% 5
\BOOKMARK [2][-]{subsection.0.3.1}{\376\377\000Q\000-\000T\000a\000b\000l\000e}{section.0.3}% 6
\BOOKMARK [2][-]{subsection.0.3.2}{\376\377\000P\000o\000l\000i\000t\000i\000q\000u\000e\000\040\000-\000c\000u\000p\000i\000d\000e}{section.0.3}% 7
\BOOKMARK [2][-]{subsection.0.3.3}{\376\377\000E\000q\000u\000a\000t\000i\000o\000n\000\040\000d\000e\000\040\000B\000e\000l\000l\000m\000a\000n}{section.0.3}% 8
\BOOKMARK [1][-]{section.0.4}{\376\377\000S\000i\000m\000u\000l\000a\000t\000i\000o\000n\000\040\000P\000y\000t\000h\000o\000n}{}% 9
\BOOKMARK [2][-]{subsection.0.4.1}{\376\377\000H\000y\000p\000e\000r\000p\000a\000r\000a\000m\000\350\000t\000r\000e\000s\000\040\000d\000e\000\040\000l\000a\000\040\000s\000i\000m\000u\000l\000a\000t\000i\000o\000n}{section.0.4}% 10
\BOOKMARK [2][-]{subsection.0.4.2}{\376\377\000E\000n\000v\000i\000r\000o\000n\000n\000e\000m\000e\000n\000t\000\040\000d\000e\000\040\000l\000a\000\040\000s\000i\000m\000u\000l\000a\000t\000i\000o\000n}{section.0.4}% 11
\BOOKMARK [2][-]{subsection.0.4.3}{\376\377\000R\000\351\000s\000u\000l\000t\000a\000t\000s\000\040\000f\000i\000n\000\040\000d\000e\000\040\000l\000a\000\040\000s\000i\000m\000u\000l\000a\000t\000i\000o\000n}{section.0.4}% 12
\BOOKMARK [2][-]{subsection.0.4.4}{\376\377\000A\000n\000a\000l\000y\000s\000e\000\040\000d\000e\000s\000\040\000d\000o\000n\000n\000\351\000e\000s}{section.0.4}% 13
\BOOKMARK [1][-]{section.0.5}{\376\377\000C\000o\000m\000p\000a\000r\000a\000i\000s\000o\000n\000\040\000a\000v\000e\000c\000\040\000l\000e\000s\000\040\000m\000\352\000m\000e\000s\000\040\000p\000a\000r\000a\000m\000\350\000t\000r\000e\000s}{}% 14
\BOOKMARK [2][-]{subsection.0.5.1}{\376\377\000H\000e\000a\000t\000m\000a\000p\000\040\000d\000e\000s\000\040\000z\000o\000n\000e\000s\000\040\000l\000e\000s\000\040\000p\000l\000u\000s\000\040\000f\000r\000\351\000q\000u\000e\000n\000t\000\351\000e\000s}{section.0.5}% 15
\BOOKMARK [2][-]{subsection.0.5.2}{\376\377\000R\000\351\000c\000o\000m\000p\000e\000n\000s\000e\000s\000\040\000p\000a\000r\000\040\000i\000t\000\351\000r\000a\000t\000i\000o\000n}{section.0.5}% 16
\BOOKMARK [2][-]{subsection.0.5.3}{\376\377\000T\000a\000u\000x\000\040\000d\000e\000\040\000r\000\351\000u\000s\000s\000i\000t\000e}{section.0.5}% 17
\BOOKMARK [2][-]{subsection.0.5.4}{\376\377\000C\000o\000n\000c\000l\000u\000s\000i\000o\000n}{section.0.5}% 18
\BOOKMARK [1][-]{section.0.6}{\376\377\000C\000o\000m\000p\000a\000r\000a\000i\000s\000o\000n\000\040\000e\000n\000t\000r\000e\000\040\000l\000e\000s\000\040\000p\000a\000r\000a\000m\000\350\000t\000r\000e\000s}{}% 19
\BOOKMARK [2][-]{subsection.0.6.1}{\376\377\000L\000e\000a\000r\000n\000i\000n\000g\000\137\000r\000a\000t\000e}{section.0.6}% 20
\BOOKMARK [2][-]{subsection.0.6.2}{\376\377\000E\000p\000s\000i\000l\000o\000n}{section.0.6}% 21
\BOOKMARK [2][-]{subsection.0.6.3}{\376\377\000D\000i\000s\000c\000o\000u\000n\000t\000\137\000f\000a\000c\000t\000o\000r}{section.0.6}% 22
\BOOKMARK [2][-]{subsection.0.6.4}{\376\377\000C\000o\000n\000c\000l\000u\000s\000i\000o\000n}{section.0.6}% 23
\BOOKMARK [1][-]{section.0.7}{\376\377\000S\000i\000m\000u\000l\000a\000t\000i\000o\000n\000\040\000r\000\351\000e\000l\000l\000e\000\040\000a\000v\000e\000c\000\040\000A\000R\000D\000U\000I\000N\000O}{}% 24
\BOOKMARK [1][-]{chapter*.29}{\376\377\000A\000n\000n\000e\000x\000e\000s}{}% 25
\BOOKMARK [1][-]{chapter*.32}{\376\377\000B\000i\000b\000l\000i\000o\000g\000r\000a\000p\000h\000i\000e}{}% 26
